<?xml version="1.0" encoding="UTF-8"?>
<!-- Generated by org.testng.reporters.JUnitXMLReporter -->
<testsuite ignored="0" hostname="DESKTOP-T039J2V" failures="0" tests="3" name="Smoky" time="14.495" errors="0" timestamp="2024-04-18T23:45:32 CEST">
  <testcase classname="com.herokuapp.tests.AlertsTests" name="alertConfirmSelectTest" time="0.183"/>
  <testcase classname="com.herokuapp.tests.AlertsTests" name="alertSendMessageToAlertTest" time="0.215"/>
  <testcase classname="com.herokuapp.tests.AlertsTests" name="alertSimpleTest" time="0.185"/>
</testsuite> <!-- Smoky -->
