<?xml version="1.0" encoding="UTF-8"?>
<testng-results ignored="0" total="3" passed="3" failed="0" skipped="0">
  <reporter-output>
  </reporter-output>
  <suite started-at="2024-04-18T23:45:17 CEST" name="Smoky" finished-at="2024-04-18T23:45:32 CEST" duration-ms="14495">
    <groups>
    </groups>
    <test started-at="2024-04-18T23:45:17 CEST" name="Smoky" finished-at="2024-04-18T23:45:32 CEST" duration-ms="14495">
      <class name="com.herokuapp.tests.AlertsTests">
        <test-method is-config="true" signature="init()[pri:0, instance:com.herokuapp.tests.AlertsTests@e7edb54]" started-at="2024-04-18T23:45:17 CEST" name="init" finished-at="2024-04-18T23:45:21 CEST" duration-ms="4321" status="PASS">
          <reporter-output>
          </reporter-output>
        </test-method> <!-- init -->
        <test-method is-config="true" signature="precondition()[pri:0, instance:com.herokuapp.tests.AlertsTests@e7edb54]" started-at="2024-04-18T23:45:21 CEST" name="precondition" finished-at="2024-04-18T23:45:22 CEST" duration-ms="787" status="PASS">
          <reporter-output>
          </reporter-output>
        </test-method> <!-- precondition -->
        <test-method signature="alertConfirmSelectTest()[pri:0, instance:com.herokuapp.tests.AlertsTests@e7edb54]" started-at="2024-04-18T23:45:22 CEST" name="alertConfirmSelectTest" finished-at="2024-04-18T23:45:22 CEST" duration-ms="183" status="PASS">
          <reporter-output>
          </reporter-output>
        </test-method> <!-- alertConfirmSelectTest -->
        <test-method is-config="true" signature="tearDown()[pri:0, instance:com.herokuapp.tests.AlertsTests@e7edb54]" started-at="2024-04-18T23:45:22 CEST" name="tearDown" finished-at="2024-04-18T23:45:23 CEST" duration-ms="327" status="PASS">
          <reporter-output>
          </reporter-output>
        </test-method> <!-- tearDown -->
        <test-method is-config="true" signature="init()[pri:0, instance:com.herokuapp.tests.AlertsTests@e7edb54]" started-at="2024-04-18T23:45:23 CEST" name="init" finished-at="2024-04-18T23:45:26 CEST" duration-ms="3354" status="PASS">
          <reporter-output>
          </reporter-output>
        </test-method> <!-- init -->
        <test-method is-config="true" signature="precondition()[pri:0, instance:com.herokuapp.tests.AlertsTests@e7edb54]" started-at="2024-04-18T23:45:26 CEST" name="precondition" finished-at="2024-04-18T23:45:27 CEST" duration-ms="501" status="PASS">
          <reporter-output>
          </reporter-output>
        </test-method> <!-- precondition -->
        <test-method signature="alertSendMessageToAlertTest()[pri:0, instance:com.herokuapp.tests.AlertsTests@e7edb54]" started-at="2024-04-18T23:45:27 CEST" name="alertSendMessageToAlertTest" finished-at="2024-04-18T23:45:27 CEST" duration-ms="215" status="PASS">
          <reporter-output>
          </reporter-output>
        </test-method> <!-- alertSendMessageToAlertTest -->
        <test-method is-config="true" signature="tearDown()[pri:0, instance:com.herokuapp.tests.AlertsTests@e7edb54]" started-at="2024-04-18T23:45:27 CEST" name="tearDown" finished-at="2024-04-18T23:45:27 CEST" duration-ms="294" status="PASS">
          <reporter-output>
          </reporter-output>
        </test-method> <!-- tearDown -->
        <test-method is-config="true" signature="init()[pri:0, instance:com.herokuapp.tests.AlertsTests@e7edb54]" started-at="2024-04-18T23:45:27 CEST" name="init" finished-at="2024-04-18T23:45:31 CEST" duration-ms="3497" status="PASS">
          <reporter-output>
          </reporter-output>
        </test-method> <!-- init -->
        <test-method is-config="true" signature="precondition()[pri:0, instance:com.herokuapp.tests.AlertsTests@e7edb54]" started-at="2024-04-18T23:45:31 CEST" name="precondition" finished-at="2024-04-18T23:45:31 CEST" duration-ms="444" status="PASS">
          <reporter-output>
          </reporter-output>
        </test-method> <!-- precondition -->
        <test-method signature="alertSimpleTest()[pri:0, instance:com.herokuapp.tests.AlertsTests@e7edb54]" started-at="2024-04-18T23:45:31 CEST" name="alertSimpleTest" finished-at="2024-04-18T23:45:31 CEST" duration-ms="185" status="PASS">
          <reporter-output>
          </reporter-output>
        </test-method> <!-- alertSimpleTest -->
        <test-method is-config="true" signature="tearDown()[pri:0, instance:com.herokuapp.tests.AlertsTests@e7edb54]" started-at="2024-04-18T23:45:31 CEST" name="tearDown" finished-at="2024-04-18T23:45:32 CEST" duration-ms="320" status="PASS">
          <reporter-output>
          </reporter-output>
        </test-method> <!-- tearDown -->
      </class> <!-- com.herokuapp.tests.AlertsTests -->
    </test> <!-- Smoky -->
  </suite> <!-- Smoky -->
</testng-results>
